<?xml version="1.0" encoding="UTF-8"?>
<robot generator="Robot 4.1.1 (Python 3.10.0 on win32)" generated="20220904 15:42:20.887" rpa="false" schemaversion="2">
<suite id="s1" name="Test" source="C:\Users\Amit\PycharmProjects\sendEmail\TestSuites\test.robot">
<test id="s1-t1" name="Send Email using robot framework without attachments">
<kw name="Sendmail" library="SendEmail">
<arg>${email_sender_zohomail}</arg>
<arg>${email_password_zohomail}</arg>
<arg>${email_receiver_gmail}</arg>
<arg>${Subject}</arg>
<arg>${Email_Body}</arg>
<status status="PASS" starttime="20220904 15:42:20.918" endtime="20220904 15:42:21.678"/>
</kw>
<kw name="Sendmail" library="SendEmail">
<arg>${email_sender_gmail}</arg>
<arg>${email_password_gmail}</arg>
<arg>${email_receiver_mail}</arg>
<arg>${Subject}</arg>
<arg>${Email_Body}</arg>
<status status="PASS" starttime="20220904 15:42:21.678" endtime="20220904 15:42:24.298"/>
</kw>
<status status="PASS" starttime="20220904 15:42:20.918" endtime="20220904 15:42:24.298"/>
</test>
<status status="PASS" starttime="20220904 15:42:20.887" endtime="20220904 15:42:24.298"/>
</suite>
<statistics>
<total>
<stat pass="1" fail="0" skip="0">All Tests</stat>
</total>
<tag>
</tag>
<suite>
<stat pass="1" fail="0" skip="0" id="s1" name="Test">Test</stat>
</suite>
</statistics>
<errors>
</errors>
</robot>
